<?xml version="1.0" encoding="UTF-8"?>
<!-- Generated by org.testng.reporters.JUnitXMLReporter -->
<testsuite ignored="0" hostname="joe-PC" failures="0" tests="19" name="Tic Tac Toe Tests" time="7.449" errors="0" timestamp="07 Jun 2021 02:34:39 GMT">
  <testcase classname="tests.Tictactoe_Tests" name="TicTacTowDataDrivenTest" time="0.364"/>
  <testcase classname="tests.Tictactoe_Tests" name="TicTacTowDataDrivenTest" time="0.132"/>
  <testcase classname="tests.Tictactoe_Tests" name="TicTacTowDataDrivenTest" time="0.144"/>
  <testcase classname="tests.Tictactoe_Tests" name="TicTacTowDataDrivenTest" time="0.139"/>
  <testcase classname="tests.Tictactoe_Tests" name="TicTacTowDataDrivenTest" time="0.139"/>
  <testcase classname="tests.Tictactoe_Tests" name="TicTacTowDataDrivenTest" time="0.13"/>
  <testcase classname="tests.Tictactoe_Tests" name="TicTacTowDataDrivenTest" time="0.12"/>
  <testcase classname="tests.Tictactoe_Tests" name="TicTacTowDataDrivenTest" time="0.129"/>
  <testcase classname="tests.Tictactoe_Tests" name="TicTacTowDataDrivenTest" time="0.122"/>
  <testcase classname="tests.Tictactoe_Tests" name="TicTacTowDataDrivenTest" time="0.452"/>
  <testcase classname="tests.Tictactoe_Tests" name="TicTacTowDataDrivenTest" time="0.278"/>
  <testcase classname="tests.Tictactoe_Tests" name="TicTacTowDataDrivenTest" time="0.316"/>
  <testcase classname="tests.Tictactoe_Tests" name="validateO" time="0.126"/>
  <testcase classname="tests.Tictactoe_Tests" name="validateOWins" time="0.298"/>
  <testcase classname="tests.Tictactoe_Tests" name="validateResetButton" time="0.559"/>
  <testcase classname="tests.Tictactoe_Tests" name="validateTieGame" time="0.425"/>
  <testcase classname="tests.Tictactoe_Tests" name="validateTitleLabel" time="0.03"/>
  <testcase classname="tests.Tictactoe_Tests" name="validateX" time="0.091"/>
  <testcase classname="tests.Tictactoe_Tests" name="validateXWins" time="0.251"/>
</testsuite> <!-- Tic Tac Toe Tests -->
